<?xml version="1.0" encoding="UTF-8" standalone="yes"?>
<testsuites time="60.566" tests="2" failures="0" errors="0">
    <testsuite name="GraphWalker" tests="2" failures="0" errors="0" time="60.566" timestamp="2023-06-26T11:28:54">
        <properties>
[...]
</properties>
        <testcase name="LoginTest" time="30.283" classname="com.yukjahit.modelImplementations.LoginTest"/>
        <testcase name="RegisterTest" time="30.283" classname="com.yukjahit.modelImplementations.RegisterTest"/>
    </testsuite>
</testsuites>
