<?xml version="1.0" encoding="UTF-8" standalone="yes"?>
<testsuites time="7.846" tests="2" failures="1" errors="1">
    <testsuite name="GraphWalker" tests="2" failures="1" errors="1" time="7.846" timestamp="2023-06-26T11:27:05">
        <properties>
[...]
</properties>
        <testcase name="LoginTest" time="3.923" classname="com.yukjahit.modelImplementations.LoginTest">
            <failure type="Not fulfilled" message="7"/>
        </testcase>
        <testcase name="RegisterTest" time="3.923" classname="com.yukjahit.modelImplementations.RegisterTest">
            <error type="java.lang.reflect.InvocationTargetException">
                java.lang.reflect.InvocationTargetException&#13;
                	at java.base/jdk.internal.reflect.DirectMethodHandleAccessor.invoke(DirectMethodHandleAccessor.java:119)&#13;
                	at java.base/java.lang.reflect.Method.invoke(Method.java:578)&#13;
                	at org.graphwalker.core.machine.ExecutionContext.execute(ExecutionContext.java:276)&#13;
                	at org.graphwalker.core.machine.SimpleMachine.execute(SimpleMachine.java:282)&#13;
                	at org.graphwalker.core.machine.SimpleMachine.getNextStep(SimpleMachine.java:105)&#13;
                	at org.graphwalker.java.test.TestExecutor.execute(TestExecutor.java:247)&#13;
                	at java.base/jdk.internal.reflect.DirectMethodHandleAccessor.invoke(DirectMethodHandleAccessor.java:104)&#13;
                	at java.base/java.lang.reflect.Method.invoke(Method.java:578)&#13;
                	at org.graphwalker.java.test.Reflections.invoke(Reflections.java:73)&#13;
                	at org.graphwalker.java.test.Reflector.execute(Reflector.java:123)&#13;
                	at org.graphwalker.maven.plugin.TestMojo.execute(TestMojo.java:161)&#13;
                	at org.apache.maven.plugin.DefaultBuildPluginManager.executeMojo(DefaultBuildPluginManager.java:126)&#13;
                	at org.apache.maven.lifecycle.internal.MojoExecutor.doExecute2(MojoExecutor.java:342)&#13;
                	at org.apache.maven.lifecycle.internal.MojoExecutor.doExecute(MojoExecutor.java:330)&#13;
                	at org.apache.maven.lifecycle.internal.MojoExecutor.execute(MojoExecutor.java:213)&#13;
                	at org.apache.maven.lifecycle.internal.MojoExecutor.execute(MojoExecutor.java:175)&#13;
                	at org.apache.maven.lifecycle.internal.MojoExecutor.access$000(MojoExecutor.java:76)&#13;
                	at org.apache.maven.lifecycle.internal.MojoExecutor$1.run(MojoExecutor.java:163)&#13;
                	at org.apache.maven.plugin.DefaultMojosExecutionStrategy.execute(DefaultMojosExecutionStrategy.java:39)&#13;
                	at org.apache.maven.lifecycle.internal.MojoExecutor.execute(MojoExecutor.java:160)&#13;
                	at org.apache.maven.lifecycle.internal.LifecycleModuleBuilder.buildProject(LifecycleModuleBuilder.java:105)&#13;
                	at org.apache.maven.lifecycle.internal.LifecycleModuleBuilder.buildProject(LifecycleModuleBuilder.java:73)&#13;
                	at org.apache.maven.lifecycle.internal.builder.singlethreaded.SingleThreadedBuilder.build(SingleThreadedBuilder.java:53)&#13;
                	at org.apache.maven.lifecycle.internal.LifecycleStarter.execute(LifecycleStarter.java:118)&#13;
                	at org.apache.maven.DefaultMaven.doExecute(DefaultMaven.java:260)&#13;
                	at org.apache.maven.DefaultMaven.doExecute(DefaultMaven.java:172)&#13;
                	at org.apache.maven.DefaultMaven.execute(DefaultMaven.java:100)&#13;
                	at org.apache.maven.cli.MavenCli.execute(MavenCli.java:821)&#13;
                	at org.apache.maven.cli.MavenCli.doMain(MavenCli.java:270)&#13;
                	at org.apache.maven.cli.MavenCli.main(MavenCli.java:192)&#13;
                	at java.base/jdk.internal.reflect.DirectMethodHandleAccessor.invoke(DirectMethodHandleAccessor.java:104)&#13;
                	at java.base/java.lang.reflect.Method.invoke(Method.java:578)&#13;
                	at org.codehaus.plexus.classworlds.launcher.Launcher.launchEnhanced(Launcher.java:282)&#13;
                	at org.codehaus.plexus.classworlds.launcher.Launcher.launch(Launcher.java:225)&#13;
                	at org.codehaus.plexus.classworlds.launcher.Launcher.mainWithExitCode(Launcher.java:406)&#13;
                	at org.codehaus.plexus.classworlds.launcher.Launcher.main(Launcher.java:347)&#13;
                Caused by: org.openqa.selenium.NoSuchElementException: no such element: Unable to locate element: {"method":"xpath","selector":"//*[contains(text(), 'Registrasi Berhasil')]"}
                  (Session info: chrome=114.0.5735.134)
                For documentation on this error, please visit: https://www.selenium.dev/documentation/webdriver/troubleshooting/errors#no-such-element-exception
                Build info: version: '4.10.0', revision: 'c14d967899'
                System info: os.name: 'Windows 10', os.arch: 'amd64', os.version: '10.0', java.version: '19'
                Driver info: org.openqa.selenium.chrome.ChromeDriver
                Command: [2a02dc385e2166b34608245f3f8f4415, findElement {using=xpath, value=//*[contains(text(), 'Registrasi Berhasil')]}]
                Capabilities {acceptInsecureCerts: false, browserName: chrome, browserVersion: 114.0.5735.134, chrome: {chromedriverVersion: 113.0.5672.63 (0e1a4471d5ae..., userDataDir: C:\Users\damar\AppData\Loca...}, goog:chromeOptions: {debuggerAddress: localhost:52719}, networkConnectionEnabled: false, pageLoadStrategy: normal, platformName: windows, proxy: Proxy(), se:cdp: ws://localhost:52719/devtoo..., se:cdpVersion: 114.0.5735.134, setWindowRect: true, strictFileInteractability: false, timeouts: {implicit: 0, pageLoad: 300000, script: 30000}, unhandledPromptBehavior: dismiss and notify, webauthn:extension:credBlob: true, webauthn:extension:largeBlob: true, webauthn:extension:minPinLength: true, webauthn:extension:prf: true, webauthn:virtualAuthenticators: true}
                Session ID: 2a02dc385e2166b34608245f3f8f4415&#13;
                	at java.base/jdk.internal.reflect.DirectConstructorHandleAccessor.newInstance(DirectConstructorHandleAccessor.java:67)&#13;
                	at java.base/java.lang.reflect.Constructor.newInstanceWithCaller(Constructor.java:500)&#13;
                	at java.base/java.lang.reflect.Constructor.newInstance(Constructor.java:484)&#13;
                	at org.openqa.selenium.remote.codec.w3c.W3CHttpResponseCodec.createException(W3CHttpResponseCodec.java:199)&#13;
                	at org.openqa.selenium.remote.codec.w3c.W3CHttpResponseCodec.decode(W3CHttpResponseCodec.java:132)&#13;
                	at org.openqa.selenium.remote.codec.w3c.W3CHttpResponseCodec.decode(W3CHttpResponseCodec.java:51)&#13;
                	at org.openqa.selenium.remote.HttpCommandExecutor.execute(HttpCommandExecutor.java:191)&#13;
                	at org.openqa.selenium.remote.service.DriverCommandExecutor.invokeExecute(DriverCommandExecutor.java:196)&#13;
                	at org.openqa.selenium.remote.service.DriverCommandExecutor.execute(DriverCommandExecutor.java:171)&#13;
                	at org.openqa.selenium.remote.RemoteWebDriver.execute(RemoteWebDriver.java:531)&#13;
                	at org.openqa.selenium.remote.ElementLocation$ElementFinder$2.findElement(ElementLocation.java:165)&#13;
                	at org.openqa.selenium.remote.ElementLocation.findElement(ElementLocation.java:59)&#13;
                	at org.openqa.selenium.remote.RemoteWebDriver.findElement(RemoteWebDriver.java:350)&#13;
                	at org.openqa.selenium.remote.RemoteWebDriver.findElement(RemoteWebDriver.java:344)&#13;
                	at com.yukjahit.modelImplementations.RegisterTest.v_RegisterSuccess(RegisterTest.java:84)&#13;
                	at java.base/jdk.internal.reflect.DirectMethodHandleAccessor.invoke(DirectMethodHandleAccessor.java:104)&#13;
                	... 35 more&#13;
</error>
        </testcase>
    </testsuite>
</testsuites>
